10-Jan-2019 02:13:08.047 INFO [main] org.apache.catalina.startup.VersionLoggerListener.log Server version:        Apache Tomcat/8.5.35
10-Jan-2019 02:13:08.050 INFO [main] org.apache.catalina.startup.VersionLoggerListener.log Server built:          Nov 3 2018 17:39:20 UTC
10-Jan-2019 02:13:08.050 INFO [main] org.apache.catalina.startup.VersionLoggerListener.log Server number:         8.5.35.0
10-Jan-2019 02:13:08.050 INFO [main] org.apache.catalina.startup.VersionLoggerListener.log OS Name:               Mac OS X
10-Jan-2019 02:13:08.050 INFO [main] org.apache.catalina.startup.VersionLoggerListener.log OS Version:            10.13.5
10-Jan-2019 02:13:08.050 INFO [main] org.apache.catalina.startup.VersionLoggerListener.log Architecture:          x86_64
10-Jan-2019 02:13:08.050 INFO [main] org.apache.catalina.startup.VersionLoggerListener.log Java Home:             /Library/Java/JavaVirtualMachines/jdk1.8.0_191.jdk/Contents/Home/jre
10-Jan-2019 02:13:08.051 INFO [main] org.apache.catalina.startup.VersionLoggerListener.log JVM Version:           1.8.0_191-b12
10-Jan-2019 02:13:08.051 INFO [main] org.apache.catalina.startup.VersionLoggerListener.log JVM Vendor:            Oracle Corporation
10-Jan-2019 02:13:08.051 INFO [main] org.apache.catalina.startup.VersionLoggerListener.log CATALINA_BASE:         /Users/thao/Desktop/PurchaseDB/Code/apache-tomcat-8.5.35
10-Jan-2019 02:13:08.051 INFO [main] org.apache.catalina.startup.VersionLoggerListener.log CATALINA_HOME:         /Users/thao/Desktop/PurchaseDB/Code/apache-tomcat-8.5.35
10-Jan-2019 02:13:08.052 INFO [main] org.apache.catalina.startup.VersionLoggerListener.log Command line argument: -Djava.util.logging.config.file=/Users/thao/Desktop/PurchaseDB/code/apache-tomcat-8.5.35/conf/logging.properties
10-Jan-2019 02:13:08.052 INFO [main] org.apache.catalina.startup.VersionLoggerListener.log Command line argument: -Djava.util.logging.manager=org.apache.juli.ClassLoaderLogManager
10-Jan-2019 02:13:08.052 INFO [main] org.apache.catalina.startup.VersionLoggerListener.log Command line argument: -Djdk.tls.ephemeralDHKeySize=2048
10-Jan-2019 02:13:08.052 INFO [main] org.apache.catalina.startup.VersionLoggerListener.log Command line argument: -Djava.protocol.handler.pkgs=org.apache.catalina.webresources
10-Jan-2019 02:13:08.052 INFO [main] org.apache.catalina.startup.VersionLoggerListener.log Command line argument: -Dorg.apache.catalina.security.SecurityListener.UMASK=0027
10-Jan-2019 02:13:08.052 INFO [main] org.apache.catalina.startup.VersionLoggerListener.log Command line argument: -Dignore.endorsed.dirs=
10-Jan-2019 02:13:08.052 INFO [main] org.apache.catalina.startup.VersionLoggerListener.log Command line argument: -Dcatalina.base=/Users/thao/Desktop/PurchaseDB/code/apache-tomcat-8.5.35
10-Jan-2019 02:13:08.052 INFO [main] org.apache.catalina.startup.VersionLoggerListener.log Command line argument: -Dcatalina.home=/Users/thao/Desktop/PurchaseDB/code/apache-tomcat-8.5.35
10-Jan-2019 02:13:08.052 INFO [main] org.apache.catalina.startup.VersionLoggerListener.log Command line argument: -Djava.io.tmpdir=/Users/thao/Desktop/PurchaseDB/code/apache-tomcat-8.5.35/temp
10-Jan-2019 02:13:08.052 INFO [main] org.apache.catalina.core.AprLifecycleListener.lifecycleEvent The APR based Apache Tomcat Native library which allows optimal performance in production environments was not found on the java.library.path: [/Users/thao/Library/Java/Extensions:/Library/Java/Extensions:/Network/Library/Java/Extensions:/System/Library/Java/Extensions:/usr/lib/java:.]
10-Jan-2019 02:13:08.156 INFO [main] org.apache.coyote.AbstractProtocol.init Initializing ProtocolHandler ["http-nio-8080"]
10-Jan-2019 02:13:08.178 INFO [main] org.apache.tomcat.util.net.NioSelectorPool.getSharedSelector Using a shared selector for servlet write/read
10-Jan-2019 02:13:08.188 INFO [main] org.apache.coyote.AbstractProtocol.init Initializing ProtocolHandler ["ajp-nio-8009"]
10-Jan-2019 02:13:08.190 INFO [main] org.apache.tomcat.util.net.NioSelectorPool.getSharedSelector Using a shared selector for servlet write/read
10-Jan-2019 02:13:08.190 INFO [main] org.apache.catalina.startup.Catalina.load Initialization processed in 487 ms
10-Jan-2019 02:13:08.214 INFO [main] org.apache.catalina.core.StandardService.startInternal Starting service [Catalina]
10-Jan-2019 02:13:08.215 INFO [main] org.apache.catalina.core.StandardEngine.startInternal Starting Servlet Engine: Apache Tomcat/8.5.35
10-Jan-2019 02:13:08.222 INFO [localhost-startStop-1] org.apache.catalina.startup.HostConfig.deployDirectory Deploying web application directory [/Users/thao/Desktop/PurchaseDB/Code/apache-tomcat-8.5.35/webapps/docs]
10-Jan-2019 02:13:08.508 INFO [localhost-startStop-1] org.apache.catalina.startup.HostConfig.deployDirectory Deployment of web application directory [/Users/thao/Desktop/PurchaseDB/Code/apache-tomcat-8.5.35/webapps/docs] has finished in [286] ms
10-Jan-2019 02:13:08.508 INFO [localhost-startStop-1] org.apache.catalina.startup.HostConfig.deployDirectory Deploying web application directory [/Users/thao/Desktop/PurchaseDB/Code/apache-tomcat-8.5.35/webapps/manager]
10-Jan-2019 02:13:08.536 INFO [localhost-startStop-1] org.apache.catalina.startup.HostConfig.deployDirectory Deployment of web application directory [/Users/thao/Desktop/PurchaseDB/Code/apache-tomcat-8.5.35/webapps/manager] has finished in [28] ms
10-Jan-2019 02:13:08.536 INFO [localhost-startStop-1] org.apache.catalina.startup.HostConfig.deployDirectory Deploying web application directory [/Users/thao/Desktop/PurchaseDB/Code/apache-tomcat-8.5.35/webapps/examples]
10-Jan-2019 02:13:08.774 INFO [localhost-startStop-1] org.apache.catalina.startup.HostConfig.deployDirectory Deployment of web application directory [/Users/thao/Desktop/PurchaseDB/Code/apache-tomcat-8.5.35/webapps/examples] has finished in [238] ms
10-Jan-2019 02:13:08.774 INFO [localhost-startStop-1] org.apache.catalina.startup.HostConfig.deployDirectory Deploying web application directory [/Users/thao/Desktop/PurchaseDB/Code/apache-tomcat-8.5.35/webapps/ROOT]
10-Jan-2019 02:13:08.785 INFO [localhost-startStop-1] org.apache.catalina.startup.HostConfig.deployDirectory Deployment of web application directory [/Users/thao/Desktop/PurchaseDB/Code/apache-tomcat-8.5.35/webapps/ROOT] has finished in [11] ms
10-Jan-2019 02:13:08.785 INFO [localhost-startStop-1] org.apache.catalina.startup.HostConfig.deployDirectory Deploying web application directory [/Users/thao/Desktop/PurchaseDB/Code/apache-tomcat-8.5.35/webapps/host-manager]
10-Jan-2019 02:13:08.798 INFO [localhost-startStop-1] org.apache.catalina.startup.HostConfig.deployDirectory Deployment of web application directory [/Users/thao/Desktop/PurchaseDB/Code/apache-tomcat-8.5.35/webapps/host-manager] has finished in [13] ms
10-Jan-2019 02:13:08.800 INFO [main] org.apache.coyote.AbstractProtocol.start Starting ProtocolHandler ["http-nio-8080"]
10-Jan-2019 02:13:08.808 INFO [main] org.apache.coyote.AbstractProtocol.start Starting ProtocolHandler ["ajp-nio-8009"]
10-Jan-2019 02:13:08.810 INFO [main] org.apache.catalina.startup.Catalina.start Server startup in 619 ms
10-Jan-2019 02:13:11.144 INFO [main] org.apache.catalina.core.StandardServer.await A valid shutdown command was received via the shutdown port. Stopping the Server instance.
10-Jan-2019 02:13:11.144 INFO [main] org.apache.coyote.AbstractProtocol.pause Pausing ProtocolHandler ["http-nio-8080"]
10-Jan-2019 02:13:11.154 INFO [main] org.apache.coyote.AbstractProtocol.pause Pausing ProtocolHandler ["ajp-nio-8009"]
10-Jan-2019 02:13:11.161 INFO [main] org.apache.catalina.core.StandardService.stopInternal Stopping service [Catalina]
10-Jan-2019 02:13:11.178 INFO [main] org.apache.coyote.AbstractProtocol.stop Stopping ProtocolHandler ["http-nio-8080"]
10-Jan-2019 02:13:11.182 INFO [main] org.apache.coyote.AbstractProtocol.stop Stopping ProtocolHandler ["ajp-nio-8009"]
10-Jan-2019 02:13:11.183 INFO [main] org.apache.coyote.AbstractProtocol.destroy Destroying ProtocolHandler ["http-nio-8080"]
10-Jan-2019 02:13:11.184 INFO [main] org.apache.coyote.AbstractProtocol.destroy Destroying ProtocolHandler ["ajp-nio-8009"]
